[2026-06-08 20:00:01] Warming...
buyback-daily(20d): 200 (0.274382s)
buyback-daily(10d): 200 (0.169070s)
buyback-daily(5d):  200 (0.168650s)
buyback-daily(3d):  200 (0.161785s)
buyback:           200 (2.285541s)
dividend:          200 (2.295172s)
[2026-06-08 20:00:06] Done.

[2026-06-09 20:00:01] === Warm cache started ===
[2026-06-09 20:00:07] SUCCESS
[2026-06-09T12:00:01.924Z] Starting incremental warm update...
[2026-06-09T12:00:03.231Z] 腾讯控股: 15 total records (0 new)
[2026-06-09T12:00:04.373Z] 小米集团: 15 total records (0 new)
[2026-06-09T12:00:05.543Z] 泡泡玛特: 8 total records (0 new)
[2026-06-09T12:00:05.543Z] buyback_daily_all cache updated (38 total records)
[2026-06-09T12:00:06.345Z] 腾讯控股: notices + dividends fetched
[2026-06-09T12:00:07.103Z] 小米集团: notices + dividends fetched
[2026-06-09T12:00:07.882Z] 泡泡玛特: notices + dividends fetched
[2026-06-09T12:00:07.882Z] all_data cache updated
[2026-06-09T12:00:07.883Z] buyback_daily_Nd caches pre-built (3d/5d/10d/20d)
[2026-06-09T12:00:07.883Z] Warm update complete.
[2026-06-09 20:00:07] === Warm cache done ===

[2026-06-10 09:00:02] === Warm cache started ===
[2026-06-10 09:00:09] SUCCESS
[2026-06-10T01:00:02.100Z] Starting incremental warm update...
[2026-06-10T01:00:03.843Z] 腾讯控股: 16 total records (1 new)
[2026-06-10T01:00:05.060Z] 小米集团: 15 total records (0 new)
[2026-06-10T01:00:07.013Z] 泡泡玛特: 8 total records (0 new)
[2026-06-10T01:00:07.014Z] buyback_daily_all cache updated (39 total records)
[2026-06-10T01:00:07.983Z] 腾讯控股: notices + dividends fetched
[2026-06-10T01:00:08.805Z] 小米集团: notices + dividends fetched
[2026-06-10T01:00:09.572Z] 泡泡玛特: notices + dividends fetched
[2026-06-10T01:00:09.572Z] all_data cache updated
[2026-06-10T01:00:09.573Z] buyback_daily_Nd caches pre-built (3d/5d/10d/20d)
[2026-06-10T01:00:09.573Z] Warm update complete.
[2026-06-10 09:00:09] === Warm cache done ===

[2026-06-10 20:00:01] === Warm cache started ===
[2026-06-10 20:00:09] SUCCESS
[2026-06-10T12:00:01.798Z] Starting incremental warm update...
[2026-06-10T12:00:03.234Z] 腾讯控股: 17 total records (1 new)
[2026-06-10T12:00:04.929Z] 小米集团: 15 total records (0 new)
[2026-06-10T12:00:06.304Z] 泡泡玛特: 8 total records (0 new)
[2026-06-10T12:00:06.304Z] buyback_daily_all cache updated (40 total records)
[2026-06-10T12:00:07.191Z] 腾讯控股: notices + dividends fetched
[2026-06-10T12:00:08.155Z] 小米集团: notices + dividends fetched
[2026-06-10T12:00:09.055Z] 泡泡玛特: notices + dividends fetched
[2026-06-10T12:00:09.056Z] all_data cache updated
[2026-06-10T12:00:09.057Z] buyback_daily_Nd caches pre-built (3d/5d/10d/20d)
[2026-06-10T12:00:09.057Z] Warm update complete.
[2026-06-10 20:00:09] === Warm cache done ===
